<?xml version="1.0" encoding="UTF-8"?>
<coverage generated="1619020281367" clover="3.2.0">
  <project timestamp="1619020281367" name="All files">
    <metrics statements="3" coveredstatements="2" conditionals="2" coveredconditionals="1" methods="1" coveredmethods="1" elements="6" coveredelements="4" complexity="0" loc="3" ncloc="3" packages="1" files="1" classes="1"/>
    <file name="index.js" path="C:\Users\sradhakrishnan\Learnings\LearnReact\test-driven-fizzbuzz\main\index.js">
      <metrics statements="3" coveredstatements="2" conditionals="2" coveredconditionals="1" methods="1" coveredmethods="1"/>
      <line num="1" count="1" type="stmt"/>
      <line num="2" count="2" type="cond" truecount="1" falsecount="1"/>
      <line num="3" count="0" type="stmt"/>
    </file>
  </project>
</coverage>
